<?xml version="1.0" encoding="UTF-8"?>
<!-- Generated by org.testng.reporters.JUnitReportReporter -->
<testsuite hostname="DESKTOP-0PO3J3R" failures="0" tests="7" name="test.paragliding.service.SportsmanServiceTest" time="0.067" errors="0" timestamp="2019-09-25T21:14:28 MSK" skipped="0">
  <testcase classname="test.paragliding.service.SportsmanServiceTest" name="findTest" time="0.002"/>
  <testcase classname="test.paragliding.service.SportsmanServiceTest" name="findTest" time="0.003"/>
  <testcase classname="test.paragliding.service.SportsmanServiceTest" name="readByIdNegativeTest" time="0.001"/>
  <testcase classname="test.paragliding.service.SportsmanServiceTest" name="readByIdNegativeTest" time="0.001"/>
  <testcase classname="test.paragliding.service.SportsmanServiceTest" name="readByIdPositiveTest" time="0.009"/>
  <testcase classname="test.paragliding.service.SportsmanServiceTest" name="findTest" time="0.048"/>
  <testcase classname="test.paragliding.service.SportsmanServiceTest" name="findTest" time="0.003"/>
</testsuite> <!-- test.paragliding.service.SportsmanServiceTest -->
